LODEN565
vdBH85
vdBH73
vdBH92
NGC4230
RUP85
vdBH106
TR13
RUP88
RUP87
NGC4349
RUP162
vdBH91
TR12
LYNGA15
vdBH87


Plx_Bys: 2.625, 2.873, 3.096
Plx_Bys: 5.792, 6.149, 6.525
Plx_Bys: 4.895, 5.317, 5.759
Plx_Bys: 2.353, 2.479, 2.618
Plx_Bys: 2.739, 3.093, 3.459
Plx_Bys: 5.048, 5.303, 5.544
Plx_Bys: 4.633, 5.060, 5.547
Plx_Bys: 4.837, 5.019, 5.193
Plx_Bys: 4.277, 4.847, 5.437
Plx_Bys: 2.809, 3.741, 4.418
Plx_Bys: 2.208, 2.294, 2.450
Plx_Bys: 3.961, 4.184, 4.403
Plx_Bys: 2.202, 2.404, 2.627
Plx_Bys: 3.838, 3.972, 4.120
Plx_Bys: 3.014, 3.183, 3.365
Plx_Bys: 2.313, 2.374, 2.444