
-------------------------------------------
             [ASteCA v0.2.7-dev]
-------------------------------------------

Will load parameters from 'params_input_11.dat' file.

Checking input parameters...

  WARNING: params_input_11.dat file does not exist.
  Falling back to 'params_input.dat' file.

Filter: Gmag
Color:  (Bmag-Vmag), (Umag-Bmag)

Processing PARSEC v1.2S theoretical isochrones
in the photometric systems:
 * gaiaDR2
 * ubvrijhk
[####################] 100% 
Interpolating extra points (1500) into the isochrones
[#####---------------] 25% [##########----------] 50% [###############-----] 75% [####################] 100% 
Generating binary data (b_mr=0.70)
[####################] 100% 

Grid values: 1 [z], 200 [log(age)]
(Force matplotlib to not use Xwindows backend)

Full check done.

Number of clusters to analyze: 1

Analyzing cluster rup85_match
Stars read from input file: N=1109
  WARNING: N=883 (80%) of stars contain
  incomplete photometric data
Frame's 2D histogram obtained
Obtaining KDEs for the frame's coordinates
<<Skip A1 block plot>>
Manual center fixed: (1090, 1320) px
Radial density profile (RDP) calculated
Field density (2.0E-04 stars/px^2)
Manual radius set: 440 px
Area of cluster obtained
Contamination index obtained (0.40)
Processing complete dataset:
  Stars rejected based on their errors (1)
  Stars separated in/out of cluster's boundaries
    WARNING: Number of FR defined (10) is larger than
    the maximum allowed (4). Using max number
Processing incomplete dataset:
  Stars rejected based on their errors (26)
  Stars separated in/out of cluster's boundaries
    WARNING: Number of FR defined (10) is larger than
    the maximum allowed (4). Using max number
<<Skip A2 block plot>>
  3P exponential error function fit failed. Attempt 2P fit
Photometric analysis incompleteness function estimated
Photometric completeness data function estimated
Error removal function estimated
Combined completeness function estimated
<<Skip B1 block plot>>
Luminosity function obtained
Skipping field vs cluster A-D test
Approximate number of members in cluster obtained (18)
<<Skip B2 block plot>>
Reading membership probabilities from file
  WARNING: 1 stars where not present in the membership
  file and were assigned MP=0.5
  WARNING: structural vs. photometric true cluster
  members estimated differ by a factor > 2
Stars selected in cluster region, 'local' method (26)
Cluster region and MPs saved to file
<<Skip C1 block plot>>
<<Skip C2 block plot>>
<<Skip C3 block plot>>
Sampling selected IMF (kroupa_2002)
Searching for optimal parameters
Using bootstrap + Genetic Algorithm (dolphin; knuth)
 10% LP=146.5 (0.01500, 8.287, 1.075, 13.82, 2299, 0.30) [216 m/s | 2h41m]
 20% LP=137.0 (0.01500, 8.290, 1.064, 13.89, 1933, 0.30) [216 m/s | 2h23m]
 30% LP=128.7 (0.01500, 8.290, 1.064, 13.88, 2551, 0.30) [239 m/s | 2h5m]
 40% LP=126.3 (0.01500, 8.291, 1.064, 13.88, 2363, 0.30) [268 m/s | 1h47m]
  GA exit switch applied
Skip bootstrap process
Best fit parameters obtained
Best fit synthetic cluster saved to file
Analysis results added to output file
<<Plots for D1 block created>>
<<Plots for D2 block created>>
End of analysis for rup85_match in 1h 28m 29s

Full run completed in 1h 28m 37s
