
-------------------------------------------
             [ASteCA v0.2.7-dev]
-------------------------------------------

Will load parameters from 'params_input_14.dat' file.

Checking input parameters...

  WARNING: params_input_14.dat file does not exist.
  Falling back to 'params_input.dat' file.

  WARNING: could not check for code updates.
  Connection timed out after 3.0 sec.

Filter: Gmag
Color:  (Bmag-Vmag), (Umag-Bmag)

Processing PARSEC v1.2S theoretical isochrones
in the photometric systems:
 * gaiaDR2
 * ubvrijhk
[####################] 100% 
Interpolating extra points (1500) into the isochrones
[#####---------------] 25% [##########----------] 50% [###############-----] 75% [####################] 100% 
Generating binary data (b_mr=0.70)
[####################] 100% 

Grid values: 1 [z], 200 [log(age)]
(Force matplotlib to not use Xwindows backend)

Full check done.

Number of clusters to analyze: 1

Analyzing cluster rup162_match
Stars read from input file: N=2499
  WARNING: N=2028 (81%) of stars contain
  incomplete photometric data
Frame's 2D histogram obtained
Obtaining KDEs for the frame's coordinates
<<Skip A1 block plot>>
Manual center fixed: (1300, 1500) px
Radial density profile (RDP) calculated
Field density (5.4E-04 stars/px^2)
Manual radius set: 600 px
  WARNING: only a portion of the cluster
  is present in the observed frame (0.97)
Area of cluster obtained
Contamination index obtained (0.75)
Processing complete dataset:
  Stars rejected based on their errors (3)
  Stars separated in/out of cluster's boundaries
    WARNING: Number of FR defined (10) is larger than
    the maximum allowed (1). Using max number
Processing incomplete dataset:
  Stars rejected based on their errors (36)
  Stars separated in/out of cluster's boundaries
    WARNING: Number of FR defined (10) is larger than
    the maximum allowed (1). Using max number
<<Skip A2 block plot>>
Photometric analysis incompleteness function estimated
Photometric completeness data function estimated
Error removal function estimated
Combined completeness function estimated
<<Skip B1 block plot>>
Luminosity function obtained
Skipping field vs cluster A-D test
Approximate number of members in cluster obtained (79)
<<Skip B2 block plot>>
Reading membership probabilities from file
  WARNING: 1 stars where not present in the membership
  file and were assigned MP=0.5
Stars selected in cluster region, 'local' method (86)
Cluster region and MPs saved to file
<<Skip C1 block plot>>
<<Skip C2 block plot>>
<<Skip C3 block plot>>
Sampling selected IMF (kroupa_2002)
Searching for optimal parameters
Using bootstrap + Genetic Algorithm (dolphin; knuth)
 10% LP=371.7 (0.01500, 8.156, 0.423, 12.70, 588, 0.30) [209 m/s | 2h41m]
 20% LP=364.3 (0.01500, 8.209, 0.410, 12.69, 579, 0.30) [209 m/s | 2h23m]
 30% LP=363.0 (0.01500, 8.209, 0.411, 12.69, 657, 0.30) [209 m/s | 2h5m]
 40% LP=363.0 (0.01500, 8.209, 0.411, 12.69, 657, 0.30) [209 m/s | 1h47m]
  GA exit switch applied
Skip bootstrap process
Best fit parameters obtained
Best fit synthetic cluster saved to file
Analysis results added to output file
<<Plots for D1 block created>>
<<Plots for D2 block created>>
End of analysis for rup162_match in 1h 27m 49s

Full run completed in 1h 27m 57s
