
-------------------------------------------
             [ASteCA v0.2.7-dev]
-------------------------------------------

Will load parameters from 'params_input_09.dat' file.

Checking input parameters...

  WARNING: params_input_09.dat file does not exist.
  Falling back to 'params_input.dat' file.

Filter: Gmag
Color:  (Bmag-Vmag), (Umag-Bmag)

Processing PARSEC v1.2S theoretical isochrones
in the photometric systems:
 * gaiaDR2
 * ubvrijhk
[####################] 100% 
Interpolating extra points (1500) into the isochrones
[#####---------------] 25% [##########----------] 50% [###############-----] 75% [####################] 100% 
Generating binary data (b_mr=0.70)
[####################] 100% 

Grid values: 1 [z], 200 [log(age)]
(Force matplotlib to not use Xwindows backend)

Full check done.

Number of clusters to analyze: 1

Analyzing cluster ngc4230_match
Stars read from input file: N=1310
  WARNING: N=1074 (82%) of stars contain
  incomplete photometric data
Frame's 2D histogram obtained
Obtaining KDEs for the frame's coordinates
<<Skip A1 block plot>>
Manual center fixed: (970, 970) px
Radial density profile (RDP) calculated
Field density (3.4E-04 stars/px^2)
Manual radius set: 400 px
Area of cluster obtained
Contamination index obtained (0.91)
Processing complete dataset:
  Stars rejected based on their errors (0)
  Stars separated in/out of cluster's boundaries
    WARNING: Number of FR defined (10) is larger than
    the maximum allowed (6). Using max number
Processing incomplete dataset:
  Stars rejected based on their errors (94)
  Stars separated in/out of cluster's boundaries
    WARNING: Number of FR defined (10) is larger than
    the maximum allowed (6). Using max number
<<Skip A2 block plot>>
Photometric analysis incompleteness function estimated
Photometric completeness data function estimated
Error removal function estimated
Combined completeness function estimated
<<Skip B1 block plot>>
Luminosity function obtained
Skipping field vs cluster A-D test
Approximate number of members in cluster obtained (19)
<<Skip B2 block plot>>
Reading membership probabilities from file
Stars selected in cluster region, 'local' method (24)
Cluster region and MPs saved to file
<<Skip C1 block plot>>
<<Skip C2 block plot>>
<<Skip C3 block plot>>
Sampling selected IMF (kroupa_2002)
Searching for optimal parameters
Using bootstrap + Genetic Algorithm (dolphin; knuth)
 10% LP=36.1 (0.01500, 9.688, 0.173, 12.14, 655, 0.30) [215 m/s | 2h41m]
 20% LP=36.1 (0.01500, 9.688, 0.173, 12.14, 655, 0.30) [214 m/s | 2h23m]
 30% LP=36.1 (0.01500, 9.688, 0.173, 12.14, 655, 0.30) [215 m/s | 2h5m]
  GA exit switch applied
Skip bootstrap process
Best fit parameters obtained
Best fit synthetic cluster saved to file
Analysis results added to output file
<<Plots for D1 block created>>
<<Plots for D2 block created>>
End of analysis for ngc4230_match in 60m 9s

Full run completed in 1h 0m 17s
