LODEN565
/media/gabriel/rest/Dropbox_nosync/Papers/2019/xx-sixteen_clusts/in_repo/6_analysis/1_parallax/plx_MPs_plots.py:131: UserWarning: p-value capped: true value larger than 0.25
  return [list(anderson_ksamp([pmRA_in, pmRA_out])),
/media/gabriel/rest/Dropbox_nosync/Papers/2019/xx-sixteen_clusts/in_repo/6_analysis/1_parallax/plx_MPs_plots.py:142: UserWarning: p-value capped: true value larger than 0.25
  AD_ks, cv_ka, pv_ks = anderson_ksamp([plx_in, plx_out])
/home/gabriel/miniconda3/envs/py3/lib/python3.7/site-packages/numpy/core/fromnumeric.py:734: UserWarning: Warning: 'partition' will ignore the 'mask' of the MaskedColumn.
  a.partition(kth, axis=axis, kind=kind, order=order)
AD: 0.250, 0.250, 0.120
Combined p-value: 0.134
Stars with no match: 0
Preparing LODEN565 Plx data
 Iteration (1000), autocorr time
/media/gabriel/rest/Dropbox_nosync/Papers/2019/xx-sixteen_clusts/in_repo/6_analysis/1_parallax/emcee3rc2/autocorr.py:38: RuntimeWarning: invalid value encountered in true_divide
  acf /= acf[0]
0 nan
100 7.909125204258157
200 14.67598185160345
300 14.482333900092602
400 13.594995507937606
500 15.962084185001633
600 18.620761859338977
700 18.94369264897893
800 20.16091887447033
900 20.05988085050359
Plx Bys 'LODEN565': (2.533, 2.691, 2.876),
Mean acceptance fraction: 0.789
Autocorrelation time: 21.35
QApplication: invalid style override passed, ignoring it.
Plotting
/home/gabriel/miniconda3/envs/py3/lib/python3.7/site-packages/numpy/core/fromnumeric.py:734: UserWarning: Warning: 'partition' will ignore the 'mask' of the MaskedColumn.
  a.partition(kth, axis=axis, kind=kind, order=order)
Done

vdBH85
/media/gabriel/rest/Dropbox_nosync/Papers/2019/xx-sixteen_clusts/in_repo/6_analysis/1_parallax/plx_MPs_plots.py:131: UserWarning: p-value floored: true value smaller than 0.001
  return [list(anderson_ksamp([pmRA_in, pmRA_out])),
/media/gabriel/rest/Dropbox_nosync/Papers/2019/xx-sixteen_clusts/in_repo/6_analysis/1_parallax/plx_MPs_plots.py:132: UserWarning: p-value floored: true value smaller than 0.001
  list(anderson_ksamp([pmDEC_in, pmDEC_out]))]
/media/gabriel/rest/Dropbox_nosync/Papers/2019/xx-sixteen_clusts/in_repo/6_analysis/1_parallax/plx_MPs_plots.py:142: UserWarning: p-value floored: true value smaller than 0.001
  AD_ks, cv_ka, pv_ks = anderson_ksamp([plx_in, plx_out])
AD: 0.001, 0.001, 0.001
Combined p-value: 0.000
Stars with no match: 0
Preparing vdBH85 Plx data
 Iteration (1000), autocorr time
/media/gabriel/rest/Dropbox_nosync/Papers/2019/xx-sixteen_clusts/in_repo/6_analysis/1_parallax/emcee3rc2/autocorr.py:38: RuntimeWarning: invalid value encountered in true_divide
  acf /= acf[0]
0 nan
100 7.447709120119166
200 12.382360246106332
300 16.071992218459936
400 18.238241982146597
500 17.031272585123148
600 19.513765955031356
700 21.54818187246457
800 29.71952826494698
900 24.73035198806875
Plx Bys 'vdBH85': (5.982, 6.283, 6.619),
Mean acceptance fraction: 0.796
Autocorrelation time: 28.33
Plotting
/home/gabriel/miniconda3/envs/py3/lib/python3.7/site-packages/numpy/core/fromnumeric.py:734: UserWarning: Warning: 'partition' will ignore the 'mask' of the MaskedColumn.
  a.partition(kth, axis=axis, kind=kind, order=order)
Done

vdBH73
/media/gabriel/rest/Dropbox_nosync/Papers/2019/xx-sixteen_clusts/in_repo/6_analysis/1_parallax/plx_MPs_plots.py:132: UserWarning: p-value floored: true value smaller than 0.001
  list(anderson_ksamp([pmDEC_in, pmDEC_out]))]
AD: 0.002, 0.005, 0.001
Combined p-value: 0.000
Stars with no match: 0
Preparing vdBH73 Plx data
 Iteration (1000), autocorr time
/media/gabriel/rest/Dropbox_nosync/Papers/2019/xx-sixteen_clusts/in_repo/6_analysis/1_parallax/emcee3rc2/autocorr.py:38: RuntimeWarning: invalid value encountered in true_divide
  acf /= acf[0]
0 nan
100 6.703426267823374
200 17.907730857365966
300 16.094782342351177
400 17.403160761642628
500 19.436185828268627
600 18.130745414483993
700 22.370515175093423
800 26.66948480230744
900 32.17973317217388
Plx Bys 'vdBH73': (4.147, 4.460, 4.769),
Mean acceptance fraction: 0.814
Autocorrelation time: 31.04
Plotting
/home/gabriel/miniconda3/envs/py3/lib/python3.7/site-packages/numpy/core/fromnumeric.py:734: UserWarning: Warning: 'partition' will ignore the 'mask' of the MaskedColumn.
  a.partition(kth, axis=axis, kind=kind, order=order)
Done

vdBH92
AD: 0.131, 0.009, 0.019
Combined p-value: 0.002
Stars with no match: 0
Preparing vdBH92 Plx data
/media/gabriel/rest/Dropbox_nosync/Papers/2019/xx-sixteen_clusts/in_repo/6_analysis/1_parallax/plx_MPs_plots.py:173: RuntimeWarning: divide by zero encountered in log
  return np.sum(np.log(mp * int_exp))
 Iteration (1000), autocorr time
/media/gabriel/rest/Dropbox_nosync/Papers/2019/xx-sixteen_clusts/in_repo/6_analysis/1_parallax/emcee3rc2/autocorr.py:38: RuntimeWarning: invalid value encountered in true_divide
  acf /= acf[0]
0 nan
100 7.314914411973254
200 13.725976549593577
300 14.643972747820632
400 16.783392967328325
500 15.975182823889018
600 16.158778285033222
700 15.394817599064929
800 16.01155442697998
900 16.14171741521713
Plx Bys 'vdBH92': (2.216, 2.282, 2.351),
Mean acceptance fraction: 0.800
Autocorrelation time: 16.75
Plotting
/home/gabriel/miniconda3/envs/py3/lib/python3.7/site-packages/numpy/core/numeric.py:538: UserWarning: Warning: converting a masked element to nan.
  return array(a, dtype, copy=False, order=order)
/home/gabriel/miniconda3/envs/py3/lib/python3.7/site-packages/numpy/core/fromnumeric.py:734: UserWarning: Warning: 'partition' will ignore the 'mask' of the MaskedColumn.
  a.partition(kth, axis=axis, kind=kind, order=order)
Done

NGC4230
/media/gabriel/rest/Dropbox_nosync/Papers/2019/xx-sixteen_clusts/in_repo/6_analysis/1_parallax/plx_MPs_plots.py:131: UserWarning: p-value capped: true value larger than 0.25
  return [list(anderson_ksamp([pmRA_in, pmRA_out])),
/media/gabriel/rest/Dropbox_nosync/Papers/2019/xx-sixteen_clusts/in_repo/6_analysis/1_parallax/plx_MPs_plots.py:132: UserWarning: p-value capped: true value larger than 0.25
  list(anderson_ksamp([pmDEC_in, pmDEC_out]))]
/media/gabriel/rest/Dropbox_nosync/Papers/2019/xx-sixteen_clusts/in_repo/6_analysis/1_parallax/plx_MPs_plots.py:142: UserWarning: p-value capped: true value larger than 0.25
  AD_ks, cv_ka, pv_ks = anderson_ksamp([plx_in, plx_out])
AD: 0.250, 0.250, 0.250
Combined p-value: 0.216
Stars with no match: 0
Preparing NGC4230 Plx data
 Iteration (1000), autocorr time
/media/gabriel/rest/Dropbox_nosync/Papers/2019/xx-sixteen_clusts/in_repo/6_analysis/1_parallax/emcee3rc2/autocorr.py:38: RuntimeWarning: invalid value encountered in true_divide
  acf /= acf[0]
0 nan
100 6.496361770720935
200 11.452517252157417
300 15.161073846580347
400 18.73255464330478
500 19.79378903697463
600 24.39895731509018
700 23.32126085260723
800 21.519438629055575
900 20.42505507889966
Plx Bys 'NGC4230': (2.198, 2.540, 2.926),
Mean acceptance fraction: 0.804
Autocorrelation time: 19.97
Plotting
/home/gabriel/miniconda3/envs/py3/lib/python3.7/site-packages/numpy/core/fromnumeric.py:734: UserWarning: Warning: 'partition' will ignore the 'mask' of the MaskedColumn.
  a.partition(kth, axis=axis, kind=kind, order=order)
Done

RUP85
/media/gabriel/rest/Dropbox_nosync/Papers/2019/xx-sixteen_clusts/in_repo/6_analysis/1_parallax/plx_MPs_plots.py:131: UserWarning: p-value floored: true value smaller than 0.001
  return [list(anderson_ksamp([pmRA_in, pmRA_out])),
/media/gabriel/rest/Dropbox_nosync/Papers/2019/xx-sixteen_clusts/in_repo/6_analysis/1_parallax/plx_MPs_plots.py:132: UserWarning: p-value floored: true value smaller than 0.001
  list(anderson_ksamp([pmDEC_in, pmDEC_out]))]
/media/gabriel/rest/Dropbox_nosync/Papers/2019/xx-sixteen_clusts/in_repo/6_analysis/1_parallax/plx_MPs_plots.py:142: UserWarning: p-value floored: true value smaller than 0.001
  AD_ks, cv_ka, pv_ks = anderson_ksamp([plx_in, plx_out])
AD: 0.001, 0.001, 0.001
Combined p-value: 0.000
Stars with no match: 0
Preparing RUP85 Plx data
 Iteration (1000), autocorr time
/media/gabriel/rest/Dropbox_nosync/Papers/2019/xx-sixteen_clusts/in_repo/6_analysis/1_parallax/emcee3rc2/autocorr.py:38: RuntimeWarning: invalid value encountered in true_divide
  acf /= acf[0]
0 nan
100 9.260716694398731
200 11.157634877087125
300 14.47979177102689
400 17.025141967262478
500 18.005877195062684
600 17.18690296503806
700 19.822833960100063
800 19.19029791682223
900 19.87882366883986
Plx Bys 'RUP85': (4.013, 4.164, 4.319),
Mean acceptance fraction: 0.764
Autocorrelation time: 20.50
Plotting
/home/gabriel/miniconda3/envs/py3/lib/python3.7/site-packages/numpy/core/fromnumeric.py:734: UserWarning: Warning: 'partition' will ignore the 'mask' of the MaskedColumn.
  a.partition(kth, axis=axis, kind=kind, order=order)
Done

vdBH106
/media/gabriel/rest/Dropbox_nosync/Papers/2019/xx-sixteen_clusts/in_repo/6_analysis/1_parallax/plx_MPs_plots.py:131: UserWarning: p-value capped: true value larger than 0.25
  return [list(anderson_ksamp([pmRA_in, pmRA_out])),
/media/gabriel/rest/Dropbox_nosync/Papers/2019/xx-sixteen_clusts/in_repo/6_analysis/1_parallax/plx_MPs_plots.py:132: UserWarning: p-value capped: true value larger than 0.25
  list(anderson_ksamp([pmDEC_in, pmDEC_out]))]
/media/gabriel/rest/Dropbox_nosync/Papers/2019/xx-sixteen_clusts/in_repo/6_analysis/1_parallax/plx_MPs_plots.py:142: UserWarning: p-value capped: true value larger than 0.25
  AD_ks, cv_ka, pv_ks = anderson_ksamp([plx_in, plx_out])
AD: 0.250, 0.250, 0.250
Combined p-value: 0.216
Stars with no match: 0
Preparing vdBH106 Plx data
 Iteration (1000), autocorr time
/media/gabriel/rest/Dropbox_nosync/Papers/2019/xx-sixteen_clusts/in_repo/6_analysis/1_parallax/emcee3rc2/autocorr.py:38: RuntimeWarning: invalid value encountered in true_divide
  acf /= acf[0]
0 nan
100 5.058187230192517
200 14.67865818774067
300 16.25587167220499
400 19.11517096345346
500 19.020353093162203
600 20.78860541907609
700 23.698993793088665
800 25.093595661514
900 25.66427159511798
Plx Bys 'vdBH106': (3.995, 4.311, 4.663),
Mean acceptance fraction: 0.802
Autocorrelation time: 26.59
Plotting
/home/gabriel/miniconda3/envs/py3/lib/python3.7/site-packages/numpy/core/fromnumeric.py:734: UserWarning: Warning: 'partition' will ignore the 'mask' of the MaskedColumn.
  a.partition(kth, axis=axis, kind=kind, order=order)
Done

TR13
/media/gabriel/rest/Dropbox_nosync/Papers/2019/xx-sixteen_clusts/in_repo/6_analysis/1_parallax/plx_MPs_plots.py:131: UserWarning: p-value floored: true value smaller than 0.001
  return [list(anderson_ksamp([pmRA_in, pmRA_out])),
/media/gabriel/rest/Dropbox_nosync/Papers/2019/xx-sixteen_clusts/in_repo/6_analysis/1_parallax/plx_MPs_plots.py:132: UserWarning: p-value floored: true value smaller than 0.001
  list(anderson_ksamp([pmDEC_in, pmDEC_out]))]
AD: 0.055, 0.001, 0.001
Combined p-value: 0.000
Stars with no match: 0
Preparing TR13 Plx data
/media/gabriel/rest/Dropbox_nosync/Papers/2019/xx-sixteen_clusts/in_repo/6_analysis/1_parallax/plx_MPs_plots.py:173: RuntimeWarning: divide by zero encountered in log
  return np.sum(np.log(mp * int_exp))
 Iteration (1000), autocorr time
/media/gabriel/rest/Dropbox_nosync/Papers/2019/xx-sixteen_clusts/in_repo/6_analysis/1_parallax/emcee3rc2/autocorr.py:38: RuntimeWarning: invalid value encountered in true_divide
  acf /= acf[0]
0 nan
100 9.589771489460388
200 11.671216262208697
300 19.5552960685935
400 27.03115404256955
500 34.758552893395745
600 30.69768501056066
700 30.33194132640231
800 31.893575281108525
900 33.102722647660656
Plx Bys 'TR13': (3.983, 4.100, 4.207),
Mean acceptance fraction: 0.750
Autocorrelation time: 31.01
Plotting
/home/gabriel/miniconda3/envs/py3/lib/python3.7/site-packages/numpy/core/numeric.py:538: UserWarning: Warning: converting a masked element to nan.
  return array(a, dtype, copy=False, order=order)
/home/gabriel/miniconda3/envs/py3/lib/python3.7/site-packages/numpy/core/fromnumeric.py:734: UserWarning: Warning: 'partition' will ignore the 'mask' of the MaskedColumn.
  a.partition(kth, axis=axis, kind=kind, order=order)
Done

RUP88
/media/gabriel/rest/Dropbox_nosync/Papers/2019/xx-sixteen_clusts/in_repo/6_analysis/1_parallax/plx_MPs_plots.py:131: UserWarning: p-value capped: true value larger than 0.25
  return [list(anderson_ksamp([pmRA_in, pmRA_out])),
/media/gabriel/rest/Dropbox_nosync/Papers/2019/xx-sixteen_clusts/in_repo/6_analysis/1_parallax/plx_MPs_plots.py:132: UserWarning: p-value capped: true value larger than 0.25
  list(anderson_ksamp([pmDEC_in, pmDEC_out]))]
/media/gabriel/rest/Dropbox_nosync/Papers/2019/xx-sixteen_clusts/in_repo/6_analysis/1_parallax/plx_MPs_plots.py:142: UserWarning: p-value capped: true value larger than 0.25
  AD_ks, cv_ka, pv_ks = anderson_ksamp([plx_in, plx_out])
AD: 0.250, 0.250, 0.250
Combined p-value: 0.216
Stars with no match: 0
Preparing RUP88 Plx data
/media/gabriel/rest/Dropbox_nosync/Papers/2019/xx-sixteen_clusts/in_repo/6_analysis/1_parallax/plx_MPs_plots.py:173: RuntimeWarning: divide by zero encountered in log
  return np.sum(np.log(mp * int_exp))
 Iteration (1000), autocorr time
/media/gabriel/rest/Dropbox_nosync/Papers/2019/xx-sixteen_clusts/in_repo/6_analysis/1_parallax/emcee3rc2/autocorr.py:38: RuntimeWarning: invalid value encountered in true_divide
  acf /= acf[0]
0 nan
100 7.521378507940094
200 16.40395472083507
300 17.550782332896915
400 26.917094249508953
500 33.949765013578094
600 40.18258491564108
700 31.970031421046727
800 25.90608524652501
900 25.19874041983727
Plx Bys 'RUP88': (4.080, 4.551, 5.055),
Mean acceptance fraction: 0.808
Autocorrelation time: 26.15
Plotting
/home/gabriel/miniconda3/envs/py3/lib/python3.7/site-packages/numpy/core/numeric.py:538: UserWarning: Warning: converting a masked element to nan.
  return array(a, dtype, copy=False, order=order)
/home/gabriel/miniconda3/envs/py3/lib/python3.7/site-packages/numpy/core/fromnumeric.py:734: UserWarning: Warning: 'partition' will ignore the 'mask' of the MaskedColumn.
  a.partition(kth, axis=axis, kind=kind, order=order)
Done

RUP87
/media/gabriel/rest/Dropbox_nosync/Papers/2019/xx-sixteen_clusts/in_repo/6_analysis/1_parallax/plx_MPs_plots.py:132: UserWarning: p-value capped: true value larger than 0.25
  list(anderson_ksamp([pmDEC_in, pmDEC_out]))]
AD: 0.162, 0.183, 0.250
Combined p-value: 0.133
Stars with no match: 0
Preparing RUP87 Plx data
 Iteration (1000), autocorr time
/media/gabriel/rest/Dropbox_nosync/Papers/2019/xx-sixteen_clusts/in_repo/6_analysis/1_parallax/emcee3rc2/autocorr.py:38: RuntimeWarning: invalid value encountered in true_divide
  acf /= acf[0]
0 nan
100 5.932464564758064
200 16.156741653434793
300 23.96660552677352
400 24.801447095931564
500 28.74952889504546
600 32.58969518456746
700 30.640524291382143
800 29.823974283545475
900 29.755451290853795
Plx Bys 'RUP87': (1.437, 1.560, 1.778),
Mean acceptance fraction: 0.778
Autocorrelation time: 29.36
Plotting
/home/gabriel/miniconda3/envs/py3/lib/python3.7/site-packages/numpy/core/fromnumeric.py:734: UserWarning: Warning: 'partition' will ignore the 'mask' of the MaskedColumn.
  a.partition(kth, axis=axis, kind=kind, order=order)
Done

NGC4349
AD: 0.008, 0.002, 0.053
Combined p-value: 0.000
Stars with no match: 0
Preparing NGC4349 Plx data
 Iteration (1000), autocorr time
/media/gabriel/rest/Dropbox_nosync/Papers/2019/xx-sixteen_clusts/in_repo/6_analysis/1_parallax/emcee3rc2/autocorr.py:38: RuntimeWarning: invalid value encountered in true_divide
  acf /= acf[0]
0 nan
100 8.982585463805611
200 12.495429466661774
300 14.255091714804433
400 16.821443761529313
500 24.831378683259814
600 32.646011116791215
700 33.959430567194644
800 34.34322641932078
900 41.06423651229369
Plx Bys 'NGC4349': (1.863, 1.897, 1.945),
Mean acceptance fraction: 0.400
Autocorrelation time: 48.31
Plotting
/home/gabriel/miniconda3/envs/py3/lib/python3.7/site-packages/numpy/core/fromnumeric.py:734: UserWarning: Warning: 'partition' will ignore the 'mask' of the MaskedColumn.
  a.partition(kth, axis=axis, kind=kind, order=order)
Done

RUP162
/media/gabriel/rest/Dropbox_nosync/Papers/2019/xx-sixteen_clusts/in_repo/6_analysis/1_parallax/plx_MPs_plots.py:131: UserWarning: p-value capped: true value larger than 0.25
  return [list(anderson_ksamp([pmRA_in, pmRA_out])),
/media/gabriel/rest/Dropbox_nosync/Papers/2019/xx-sixteen_clusts/in_repo/6_analysis/1_parallax/plx_MPs_plots.py:132: UserWarning: p-value capped: true value larger than 0.25
  list(anderson_ksamp([pmDEC_in, pmDEC_out]))]
/media/gabriel/rest/Dropbox_nosync/Papers/2019/xx-sixteen_clusts/in_repo/6_analysis/1_parallax/plx_MPs_plots.py:142: UserWarning: p-value capped: true value larger than 0.25
  AD_ks, cv_ka, pv_ks = anderson_ksamp([plx_in, plx_out])
AD: 0.250, 0.250, 0.250
Combined p-value: 0.216
Stars with no match: 0
Preparing RUP162 Plx data
/media/gabriel/rest/Dropbox_nosync/Papers/2019/xx-sixteen_clusts/in_repo/6_analysis/1_parallax/plx_MPs_plots.py:173: RuntimeWarning: divide by zero encountered in log
  return np.sum(np.log(mp * int_exp))
 Iteration (1000), autocorr time
/media/gabriel/rest/Dropbox_nosync/Papers/2019/xx-sixteen_clusts/in_repo/6_analysis/1_parallax/emcee3rc2/autocorr.py:38: RuntimeWarning: invalid value encountered in true_divide
  acf /= acf[0]
0 nan
100 6.782015440889125
200 7.44257952523604
300 9.374927151594047
400 18.183239610275425
500 18.302720371150762
600 17.177124636339265
700 17.684999206423914
800 20.971233224782875
900 20.539968883903306
Plx Bys 'RUP162': (3.798, 3.936, 4.101),
Mean acceptance fraction: 0.767
Autocorrelation time: 20.66
Plotting
/home/gabriel/miniconda3/envs/py3/lib/python3.7/site-packages/numpy/core/numeric.py:538: UserWarning: Warning: converting a masked element to nan.
  return array(a, dtype, copy=False, order=order)
/home/gabriel/miniconda3/envs/py3/lib/python3.7/site-packages/numpy/core/fromnumeric.py:734: UserWarning: Warning: 'partition' will ignore the 'mask' of the MaskedColumn.
  a.partition(kth, axis=axis, kind=kind, order=order)
Done

vdBH91
/media/gabriel/rest/Dropbox_nosync/Papers/2019/xx-sixteen_clusts/in_repo/6_analysis/1_parallax/plx_MPs_plots.py:131: UserWarning: p-value capped: true value larger than 0.25
  return [list(anderson_ksamp([pmRA_in, pmRA_out])),
/media/gabriel/rest/Dropbox_nosync/Papers/2019/xx-sixteen_clusts/in_repo/6_analysis/1_parallax/plx_MPs_plots.py:132: UserWarning: p-value capped: true value larger than 0.25
  list(anderson_ksamp([pmDEC_in, pmDEC_out]))]
/media/gabriel/rest/Dropbox_nosync/Papers/2019/xx-sixteen_clusts/in_repo/6_analysis/1_parallax/plx_MPs_plots.py:142: UserWarning: p-value capped: true value larger than 0.25
  AD_ks, cv_ka, pv_ks = anderson_ksamp([plx_in, plx_out])
AD: 0.250, 0.250, 0.250
Combined p-value: 0.216
Stars with no match: 0
Preparing vdBH91 Plx data
 Iteration (1000), autocorr time
/media/gabriel/rest/Dropbox_nosync/Papers/2019/xx-sixteen_clusts/in_repo/6_analysis/1_parallax/emcee3rc2/autocorr.py:38: RuntimeWarning: invalid value encountered in true_divide
  acf /= acf[0]
0 nan
100 9.456899620625038
200 14.325948138822158
300 19.663374370694083
400 22.16347512770784
500 22.26326369958322
600 23.617160933529828
700 22.333847574288022
800 20.524208741703664
900 19.251600129214804
Plx Bys 'vdBH91': (2.561, 2.707, 2.830),
Mean acceptance fraction: 0.787
Autocorrelation time: 19.10
Plotting
/home/gabriel/miniconda3/envs/py3/lib/python3.7/site-packages/numpy/core/fromnumeric.py:734: UserWarning: Warning: 'partition' will ignore the 'mask' of the MaskedColumn.
  a.partition(kth, axis=axis, kind=kind, order=order)
Done

TR12
AD: 0.199, 0.014, 0.017
Combined p-value: 0.003
Stars with no match: 0
Preparing TR12 Plx data
/media/gabriel/rest/Dropbox_nosync/Papers/2019/xx-sixteen_clusts/in_repo/6_analysis/1_parallax/plx_MPs_plots.py:173: RuntimeWarning: divide by zero encountered in log
  return np.sum(np.log(mp * int_exp))
 Iteration (1000), autocorr time
/media/gabriel/rest/Dropbox_nosync/Papers/2019/xx-sixteen_clusts/in_repo/6_analysis/1_parallax/emcee3rc2/autocorr.py:38: RuntimeWarning: invalid value encountered in true_divide
  acf /= acf[0]
0 nan
100 7.670870143133005
200 14.14990012066698
300 16.907827231238457
400 20.18354123599617
500 18.208551295955967
600 17.522073641912932
700 17.24393088820658
800 17.044609761706283
900 19.445086697667655
Plx Bys 'TR12': (3.223, 3.314, 3.424),
Mean acceptance fraction: 0.765
Autocorrelation time: 18.30
Plotting
/home/gabriel/miniconda3/envs/py3/lib/python3.7/site-packages/numpy/core/fromnumeric.py:734: UserWarning: Warning: 'partition' will ignore the 'mask' of the MaskedColumn.
  a.partition(kth, axis=axis, kind=kind, order=order)
Done

LYNGA15
/media/gabriel/rest/Dropbox_nosync/Papers/2019/xx-sixteen_clusts/in_repo/6_analysis/1_parallax/plx_MPs_plots.py:131: UserWarning: p-value capped: true value larger than 0.25
  return [list(anderson_ksamp([pmRA_in, pmRA_out])),
/media/gabriel/rest/Dropbox_nosync/Papers/2019/xx-sixteen_clusts/in_repo/6_analysis/1_parallax/plx_MPs_plots.py:132: UserWarning: p-value capped: true value larger than 0.25
  list(anderson_ksamp([pmDEC_in, pmDEC_out]))]
AD: 0.046, 0.250, 0.250
Combined p-value: 0.069
Stars with no match: 0
Preparing LYNGA15 Plx data
 Iteration (1000), autocorr time
/media/gabriel/rest/Dropbox_nosync/Papers/2019/xx-sixteen_clusts/in_repo/6_analysis/1_parallax/emcee3rc2/autocorr.py:38: RuntimeWarning: invalid value encountered in true_divide
  acf /= acf[0]
0 nan
100 6.1387313010502105
200 8.728425660403904
300 10.057884845925662
400 10.890680757727381
500 14.55485992664662
600 15.553927943266757
700 19.65077698834448
800 16.356918956309833
900 17.957587190643093
Plx Bys 'LYNGA15': (2.847, 3.045, 3.258),
Mean acceptance fraction: 0.766
Autocorrelation time: 21.08
Plotting
/home/gabriel/miniconda3/envs/py3/lib/python3.7/site-packages/numpy/core/fromnumeric.py:734: UserWarning: Warning: 'partition' will ignore the 'mask' of the MaskedColumn.
  a.partition(kth, axis=axis, kind=kind, order=order)
Done

vdBH87
AD: 0.009, 0.001, 0.011
Combined p-value: 0.000
Stars with no match: 0
Preparing vdBH87 Plx data
/media/gabriel/rest/Dropbox_nosync/Papers/2019/xx-sixteen_clusts/in_repo/6_analysis/1_parallax/plx_MPs_plots.py:173: RuntimeWarning: divide by zero encountered in log
  return np.sum(np.log(mp * int_exp))
 Iteration (1000), autocorr time
/media/gabriel/rest/Dropbox_nosync/Papers/2019/xx-sixteen_clusts/in_repo/6_analysis/1_parallax/emcee3rc2/autocorr.py:38: RuntimeWarning: invalid value encountered in true_divide
  acf /= acf[0]
0 nan
100 9.851412443674125
200 12.924232460874066
300 19.901626545436564
400 27.563419222630003
500 26.5746018222161
600 25.97348894996857
700 26.259872804395883
800 25.459935099934032
900 25.72485667627261
Plx Bys 'vdBH87': (2.077, 2.133, 2.185),
Mean acceptance fraction: 0.660
Autocorrelation time: 27.14
Plotting
/home/gabriel/miniconda3/envs/py3/lib/python3.7/site-packages/numpy/core/fromnumeric.py:734: UserWarning: Warning: 'partition' will ignore the 'mask' of the MaskedColumn.
  a.partition(kth, axis=axis, kind=kind, order=order)
Done